<?xml version="1.0" encoding="UTF-8"?>
<!-- Generated by org.testng.reporters.JUnitXMLReporter -->
<testsuite hostname="DESKTOP-LOQ4435" ignored="1" name="Car Loan" tests="6" failures="0" timestamp="20 Apr 2019 07:14:52 GMT" time="0.124" errors="0">
  <testcase name="WeblogincarLoan" time="0.008" classname="Test.Day3"/>
  <testcase name="MobilelogincarLoan" time="0.002" classname="Test.Day3"/>
  <testcase name="MobilesignoutcarLoan" time="0.004" classname="Test.Day3"/>
  <testcase name="MobilesignoutcarLoan" time="0.003" classname="Test.Day3"/>
  <testcase name="MobilesignoutcarLoan" time="0.002" classname="Test.Day3"/>
  <testcase name="LoginAPIcarLoan" time="0.003" classname="Test.Day3"/>
  <testcase name="MobilesignincarLoan" time="0.0" classname="Test.Day3">
    <ignored/>
  </testcase> <!-- MobilesignincarLoan -->
</testsuite> <!-- Car Loan -->
