<?xml version="1.0" encoding="UTF-8"?>
<!-- Generated by org.testng.reporters.JUnitXMLReporter -->
<testsuite hostname="DESKTOP-LOQ4435" ignored="8" name="Regression" tests="3" failures="0" timestamp="31 Mar 2019 12:51:29 GMT" time="0.067" errors="0">
  <testcase name="ploan" time="0.017" classname="Test.Day2"/>
  <testcase name="MobileloginHomeLoan" time="0.001" classname="Test.Day4"/>
  <testcase name="LoginAPIcarLoan" time="0.005" classname="Test.Day3"/>
  <testcase name="SecondTest" time="0.0" classname="Test.Day1">
    <ignored/>
  </testcase> <!-- SecondTest -->
  <testcase name="Demo" time="0.0" classname="Test.Day1">
    <ignored/>
  </testcase> <!-- Demo -->
  <testcase name="WeblogincarLoan" time="0.0" classname="Test.Day3">
    <ignored/>
  </testcase> <!-- WeblogincarLoan -->
  <testcase name="MobilesignincarLoan" time="0.0" classname="Test.Day3">
    <ignored/>
  </testcase> <!-- MobilesignincarLoan -->
  <testcase name="LoginAPIHomeLoan" time="0.0" classname="Test.Day4">
    <ignored/>
  </testcase> <!-- LoginAPIHomeLoan -->
  <testcase name="MobilelogincarLoan" time="0.0" classname="Test.Day3">
    <ignored/>
  </testcase> <!-- MobilelogincarLoan -->
  <testcase name="WebloginHomeLoan" time="0.0" classname="Test.Day4">
    <ignored/>
  </testcase> <!-- WebloginHomeLoan -->
  <testcase name="MobilesignoutcarLoan" time="0.0" classname="Test.Day3">
    <ignored/>
  </testcase> <!-- MobilesignoutcarLoan -->
</testsuite> <!-- Regression -->
